<?xml version="1.0" encoding="UTF-8"?>
<!-- Generated by org.testng.reporters.JUnitReportReporter -->
<testsuite hostname="DESKTOP-8B8ES0H" failures="0" tests="1" name="Academy.EndtoEndFramework.HomePage" time="5.766" errors="0" timestamp="2020-06-22T22:19:39 CEST" skipped="0">
  <testcase classname="Academy.EndtoEndFramework.HomePage" name="basePageNavigation" time="5.766"/>
  <system-out/>
</testsuite> <!-- Academy.EndtoEndFramework.HomePage -->
