<?xml version="1.0" encoding="UTF-8"?>
<!-- Generated by org.testng.reporters.JUnitReportReporter -->
<testsuite hostname="DESKTOP-8B8ES0H" failures="0" tests="1" name="cucumberOptions.TestRunner" time="13.811" errors="0" timestamp="2020-07-07T21:08:10 CEST" skipped="0">
  <testcase classname="cucumberOptions.TestRunner" name="feature" time="13.811"/>
  <system-out/>
</testsuite> <!-- cucumberOptions.TestRunner -->
